Starting /home/k/ks225/.bash_profile ... standard AFS bash profile

========================
Home directory : /home/k/ks225 is not in AFS -- skipping quota check
========================

On host node412 :
	 20:24:38 up 56 days, 25 min,  0 users,  load average: 1.16, 1.05, 1.06

=== === === Your Kerberos ticket and AFS token status === === ===
klist: No credentials cache found (filename: /tmp/krb5cc_480898_GQGodeM1Sk)
Kerberos : 
AFS      : 

Loading default modules ...
Create file : "/home/k/ks225/.modules" to customize.

No modules loaded
[INFO] Scanning for projects...
[INFO] 
[INFO] --------------------< com.njit.ASTExample:parsedbg >--------------------
[INFO] Building parsedbg 1.0-SNAPSHOT
[INFO] --------------------------------[ jar ]---------------------------------
[INFO] 
[INFO] --- maven-clean-plugin:2.5:clean (default-clean) @ parsedbg ---
[INFO] Deleting /home/k/ks225/nullproj/reann_gcn/target
[INFO] 
[INFO] --- maven-resources-plugin:2.6:resources (default-resources) @ parsedbg ---
[WARNING] Using platform encoding (ANSI_X3.4-1968 actually) to copy filtered resources, i.e. build is platform dependent!
[INFO] skip non existing resourceDirectory /home/k/ks225/nullproj/reann_gcn/src/main/resources
[INFO] 
[INFO] --- maven-compiler-plugin:3.8.1:compile (default-compile) @ parsedbg ---
[INFO] Changes detected - recompiling the module!
[WARNING] File encoding has not been set, using platform encoding ANSI_X3.4-1968, i.e. build is platform dependent!
[INFO] Compiling 7 source files to /home/k/ks225/nullproj/reann_gcn/target/classes
[INFO] 
[INFO] --- exec-maven-plugin:3.0.0:java (default-cli) @ parsedbg ---
[INFO] ------------------------------------------------------------------------
[INFO] BUILD SUCCESS
[INFO] ------------------------------------------------------------------------
[INFO] Total time:  02:05 h
[INFO] Finished at: 2023-09-17T22:30:34-04:00
[INFO] ------------------------------------------------------------------------
