Starting /home/k/ks225/.bash_profile ... standard AFS bash profile

========================
Home directory : /home/k/ks225 is not in AFS -- skipping quota check
========================

On host node415 :
	 15:39:07 up 53 days, 19:39,  0 users,  load average: 0.07, 0.13, 0.09

=== === === Your Kerberos ticket and AFS token status === === ===
klist: No credentials cache found (filename: /tmp/krb5cc_480898_cdoxo04JuO)
Kerberos : 
AFS      : 

Loading default modules ...
Create file : "/home/k/ks225/.modules" to customize.

No modules loaded
[INFO] Scanning for projects...
[INFO] 
[INFO] --------------------< com.njit.ASTExample:parsedbg >--------------------
[INFO] Building parsedbg 1.0-SNAPSHOT
[INFO]   from pom.xml
[INFO] --------------------------------[ jar ]---------------------------------
[INFO] 
[INFO] --- clean:3.2.0:clean (default-clean) @ parsedbg ---
[INFO] Deleting /home/k/ks225/nullproj/reann_2hv/target
[INFO] 
[INFO] --- resources:3.3.1:resources (default-resources) @ parsedbg ---
[WARNING] Using platform encoding (ANSI_X3.4-1968 actually) to copy filtered resources, i.e. build is platform dependent!
[INFO] skip non existing resourceDirectory /home/k/ks225/nullproj/reann_2hv/src/main/resources
[INFO] 
[INFO] --- compiler:3.8.1:compile (default-compile) @ parsedbg ---
[INFO] Changes detected - recompiling the module!
[WARNING] File encoding has not been set, using platform encoding ANSI_X3.4-1968, i.e. build is platform dependent!
[INFO] Compiling 7 source files to /home/k/ks225/nullproj/reann_2hv/target/classes
[INFO] 
[INFO] --- exec:3.0.0:java (default-cli) @ parsedbg ---
slurmstepd: error: *** JOB 783414 ON node415 CANCELLED AT 2023-09-15T16:37:39 ***
